<?xml version="1.0" encoding="UTF-8"?>
<!-- Generated by org.testng.reporters.JUnitReportReporter -->
<testsuite skipped="0" hostname="HOME-PC" name="com.java.programs.ReadExcel" tests="1" failures="0" timestamp="29 Sep 2017 17:58:32 GMT" time="1.376" errors="0">
  <testcase name="readDataFromExcel" time="1.376" classname="com.java.programs.ReadExcel"/>
</testsuite> <!-- com.java.programs.ReadExcel -->
