<?xml version="1.0" encoding="UTF-8"?>
<!-- Generated by org.testng.reporters.JUnitReportReporter -->
<testsuite hostname="HW0980" name="com.HITPA_MembrMngmnt_TestScripts.Hitpa_6992_QcTest" tests="1" failures="0" timestamp="19 Oct 2016 10:06:35 GMT" time="53.881" errors="0">
  <testcase name="f" time="53.881" classname="com.HITPA_MembrMngmnt_TestScripts.Hitpa_6992_QcTest"/>
</testsuite> <!-- com.HITPA_MembrMngmnt_TestScripts.Hitpa_6992_QcTest -->
