<?xml version="1.0" encoding="UTF-8"?>
<!-- Generated by org.testng.reporters.JUnitReportReporter -->
<testsuite hostname="HW0980" name="com.HITPA_MembrMngmnt_TestScripts.HITPA_6945_6946_EnrollmentExecutive_Test" tests="1" failures="0" timestamp="19 Oct 2016 10:53:49 GMT" time="214.960" errors="0">
  <testcase name="f" time="214.960" classname="com.HITPA_MembrMngmnt_TestScripts.HITPA_6945_6946_EnrollmentExecutive_Test"/>
</testsuite> <!-- com.HITPA_MembrMngmnt_TestScripts.HITPA_6945_6946_EnrollmentExecutive_Test -->
