<?xml version="1.0" encoding="UTF-8"?>
<!-- Generated by org.testng.reporters.JUnitReportReporter -->
<testsuite hostname="KIHYDL0640" name="testScripts.SA_Scenario4" tests="1" failures="0" timestamp="15 Jul 2016 14:21:17 GMT" time="1120.892" errors="0">
  <testcase name="testcase01" time="1120.892" classname="testScripts.SA_Scenario4"/>
</testsuite> <!-- testScripts.SA_Scenario4 -->
