<?xml version="1.0" encoding="UTF-8"?>
<!-- Generated by org.testng.reporters.JUnitReportReporter -->
<testsuite hostname="HW0980" name="com.testScripts.SpicejetSearch" tests="1" failures="0" timestamp="8 Sep 2016 08:48:40 GMT" time="29.075" errors="0">
  <testcase name="f" time="29.075" classname="com.testScripts.SpicejetSearch"/>
</testsuite> <!-- com.testScripts.SpicejetSearch -->
