<?xml version="1.0" encoding="UTF-8"?>
<!-- Generated by org.testng.reporters.JUnitReportReporter -->
<testsuite hostname="HW0413" name="testScripts.Gmail_Script" tests="1" failures="0" timestamp="12 Aug 2016 12:35:53 GMT" time="19.009" errors="0">
  <testcase name="f" time="19.009" classname="testScripts.Gmail_Script"/>
</testsuite> <!-- testScripts.Gmail_Script -->
