<?xml version="1.0" encoding="UTF-8"?>
<!-- Generated by org.testng.reporters.JUnitReportReporter -->
<testsuite hostname="HW1735" name="com.W2A_testScript.W2A_Home_Test" tests="1" failures="0" timestamp="2 Dec 2016 10:10:44 GMT" time="70.983" errors="0">
  <testcase name="f" time="70.983" classname="com.W2A_testScript.W2A_Home_Test"/>
</testsuite> <!-- com.W2A_testScript.W2A_Home_Test -->
