<?xml version="1.0" encoding="UTF-8"?>
<!-- Generated by org.testng.reporters.JUnitReportReporter -->
<testsuite hostname="HW0980" name="com.Hitpa_DMS.testScripts.Hitpa_7829_Dms_Test" tests="1" failures="0" timestamp="19 Oct 2016 11:56:07 GMT" time="30.628" errors="0">
  <testcase name="f" time="30.628" classname="com.Hitpa_DMS.testScripts.Hitpa_7829_Dms_Test"/>
</testsuite> <!-- com.Hitpa_DMS.testScripts.Hitpa_7829_Dms_Test -->
