<?xml version="1.0" encoding="UTF-8"?>
<!-- Generated by org.testng.reporters.JUnitReportReporter -->
<testsuite hostname="HW2205" name="com.biba_TestScripts.biba_test" tests="1" failures="0" timestamp="2 Nov 2016 04:28:52 GMT" time="14.846" errors="0">
  <testcase name="f" time="14.846" classname="com.biba_TestScripts.biba_test"/>
</testsuite> <!-- com.biba_TestScripts.biba_test -->
