<?xml version="1.0" encoding="UTF-8"?>
<!-- Generated by org.testng.reporters.JUnitReportReporter -->
<testsuite hostname="KIHYDL0640" name="testScripts.SA_Scenario20_DR27" tests="1" failures="0" timestamp="8 Aug 2016 07:55:58 GMT" time="887.192" errors="0">
  <testcase name="testcase01" time="887.192" classname="testScripts.SA_Scenario20_DR27"/>
</testsuite> <!-- testScripts.SA_Scenario20_DR27 -->
