<?xml version="1.0" encoding="UTF-8"?>
<!-- Generated by org.testng.reporters.JUnitReportReporter -->
<testsuite hostname="KIHYDD1131" name="testScripts.SA_Scenario1" tests="1" failures="0" timestamp="15 Jul 2016 10:41:23 GMT" time="930.852" errors="0">
  <testcase name="testcase01" time="930.852" classname="testScripts.SA_Scenario1"/>
</testsuite> <!-- testScripts.SA_Scenario1 -->
