<?xml version="1.0" encoding="UTF-8"?>
<!-- Generated by org.testng.reporters.JUnitReportReporter -->
<testsuite hostname="HW0980" name="com.Hitpa_Portals.testScripts.Hitpa_4924Test" tests="1" failures="0" timestamp="19 Oct 2016 09:57:00 GMT" time="55.461" errors="0">
  <testcase name="f" time="55.461" classname="com.Hitpa_Portals.testScripts.Hitpa_4924Test"/>
</testsuite> <!-- com.Hitpa_Portals.testScripts.Hitpa_4924Test -->
