<?xml version="1.0" encoding="UTF-8"?>
<!-- Generated by org.testng.reporters.JUnitReportReporter -->
<testsuite hostname="HW2205" name="com.ToolQA_testScripts.Registration_Test" tests="1" failures="0" timestamp="23 Nov 2016 06:42:59 GMT" time="21.822" errors="0">
  <testcase name="f" time="21.822" classname="com.ToolQA_testScripts.Registration_Test"/>
</testsuite> <!-- com.ToolQA_testScripts.Registration_Test -->
