<?xml version="1.0" encoding="UTF-8"?>
<!-- Generated by org.testng.reporters.JUnitReportReporter -->
<testsuite hostname="HW2205" name="way2Automation_test.w2A_test" tests="1" failures="0" timestamp="14 Nov 2016 05:11:22 GMT" time="5.438" errors="0">
  <testcase name="f" time="5.438" classname="way2Automation_test.w2A_test"/>
</testsuite> <!-- way2Automation_test.w2A_test -->
