<?xml version="1.0" encoding="UTF-8"?>
<!-- Generated by org.testng.reporters.JUnitReportReporter -->
<testsuite hostname="HW0980" name="com.Hitpa_Portals.testScripts.Hitpa_4944Test" tests="1" failures="0" timestamp="24 Oct 2016 04:06:47 GMT" time="22.046" errors="0">
  <testcase name="f" time="22.046" classname="com.Hitpa_Portals.testScripts.Hitpa_4944Test"/>
</testsuite> <!-- com.Hitpa_Portals.testScripts.Hitpa_4944Test -->
