<?xml version="1.0" encoding="UTF-8"?>
<!-- Generated by org.testng.reporters.JUnitReportReporter -->
<testsuite hostname="KIHYDL0640" name="testScripts.SA_Scenario9_DR16" tests="1" failures="0" timestamp="8 Aug 2016 09:25:07 GMT" time="85.809" errors="0">
  <testcase name="testcase01" time="85.809" classname="testScripts.SA_Scenario9_DR16"/>
</testsuite> <!-- testScripts.SA_Scenario9_DR16 -->
