<?xml version="1.0" encoding="UTF-8"?>
<!-- Generated by org.testng.reporters.JUnitReportReporter -->
<testsuite hostname="KIHYDD1131" name="testScripts.SA_Scenario11_DR18" tests="1" failures="0" timestamp="5 Aug 2016 11:36:14 GMT" time="819.727" errors="0">
  <testcase name="testcase01" time="819.727" classname="testScripts.SA_Scenario11_DR18"/>
</testsuite> <!-- testScripts.SA_Scenario11_DR18 -->
