<?xml version="1.0" encoding="UTF-8"?>
<!-- Generated by org.testng.reporters.JUnitReportReporter -->
<testsuite hostname="HW0980" name="com.ClaimsManagement.TestScripts.CLM_TestScript" tests="1" failures="0" timestamp="5 Oct 2016 11:53:43 GMT" time="125.757" errors="0">
  <testcase name="f" time="125.757" classname="com.ClaimsManagement.TestScripts.CLM_TestScript"/>
</testsuite> <!-- com.ClaimsManagement.TestScripts.CLM_TestScript -->
