<?xml version="1.0" encoding="UTF-8"?>
<!-- Generated by org.testng.reporters.JUnitReportReporter -->
<testsuite hostname="HW1735" name="com.testScripts.DNB_Scenario2" tests="1" failures="0" timestamp="31 Aug 2016 07:04:55 GMT" time="243.579" errors="0">
  <testcase name="f" time="243.579" classname="com.testScripts.DNB_Scenario2"/>
</testsuite> <!-- com.testScripts.DNB_Scenario2 -->
