<?xml version="1.0" encoding="UTF-8"?>
<!-- Generated by org.testng.reporters.JUnitReportReporter -->
<testsuite hostname="HW1735" name="com.cleartrip.testScripts.SearchFlights_Test" tests="1" failures="0" timestamp="2 Dec 2016 10:10:45 GMT" time="131.850" errors="0">
  <testcase name="f" time="131.850" classname="com.cleartrip.testScripts.SearchFlights_Test"/>
</testsuite> <!-- com.cleartrip.testScripts.SearchFlights_Test -->
