<?xml version="1.0" encoding="UTF-8"?>
<!-- Generated by org.testng.reporters.JUnitReportReporter -->
<testsuite hostname="HW2205" name="com.testScripts.FirstTest" tests="1" failures="0" timestamp="9 Nov 2016 09:17:47 GMT" time="12.959" errors="0">
  <testcase name="FirstTest1" time="12.959" classname="com.testScripts.FirstTest"/>
</testsuite> <!-- com.testScripts.FirstTest -->
