<?xml version="1.0" encoding="UTF-8"?>
<!-- Generated by org.testng.reporters.JUnitReportReporter -->
<testsuite hostname="KIHYDL0640" name="testScripts.SA_Scenario17_DR24" tests="1" failures="0" timestamp="8 Aug 2016 06:45:23 GMT" time="841.624" errors="0">
  <testcase name="testcase01" time="841.624" classname="testScripts.SA_Scenario17_DR24"/>
</testsuite> <!-- testScripts.SA_Scenario17_DR24 -->
