<?xml version="1.0" encoding="UTF-8"?>
<!-- Generated by org.testng.reporters.JUnitReportReporter -->
<testsuite hostname="KIHYDD1131" name="testScripts.Testing_Sampleold" tests="1" failures="0" timestamp="4 Aug 2016 11:23:13 GMT" time="0.020" errors="0">
  <testcase name="testUntitled" time="0.020" classname="testScripts.Testing_Sampleold"/>
</testsuite> <!-- testScripts.Testing_Sampleold -->
