<?xml version="1.0" encoding="UTF-8"?>
<!-- Generated by org.testng.reporters.JUnitReportReporter -->
<testsuite hostname="HW0980" name="com.Compliance_regulations.testScripts.Hitpa_12091_Test" tests="1" failures="0" timestamp="20 Oct 2016 13:25:52 GMT" time="102.405" errors="0">
  <testcase name="f" time="102.405" classname="com.Compliance_regulations.testScripts.Hitpa_12091_Test"/>
</testsuite> <!-- com.Compliance_regulations.testScripts.Hitpa_12091_Test -->
