<?xml version="1.0" encoding="UTF-8"?>
<!-- Generated by org.testng.reporters.JUnitReportReporter -->
<testsuite hostname="HW2205" name="com.testScripts.HmsSearch_Test" tests="1" failures="0" timestamp="14 Nov 2016 04:31:03 GMT" time="11.798" errors="0">
  <testcase name="f" time="11.798" classname="com.testScripts.HmsSearch_Test"/>
</testsuite> <!-- com.testScripts.HmsSearch_Test -->
