<?xml version="1.0" encoding="UTF-8"?>
<!-- Generated by org.testng.reporters.JUnitReportReporter -->
<testsuite hostname="KIHYDL0640" name="testScripts.SA_Scenario24_DR31" tests="1" failures="0" timestamp="5 Aug 2016 14:36:41 GMT" time="1151.862" errors="0">
  <testcase name="testcase01" time="1151.862" classname="testScripts.SA_Scenario24_DR31"/>
</testsuite> <!-- testScripts.SA_Scenario24_DR31 -->
