<?xml version="1.0" encoding="UTF-8"?>
<!-- Generated by org.testng.reporters.JUnitReportReporter -->
<testsuite hostname="HOME-PC" name="com.intake.testscripts.intakeLogin" tests="1" failures="0" timestamp="12 Oct 2017 20:02:49 GMT" time="77.525" errors="0">
  <testcase name="login" time="77.525" classname="com.intake.testscripts.intakeLogin"/>
</testsuite> <!-- com.intake.testscripts.intakeLogin -->
