<?xml version="1.0" encoding="UTF-8"?>
<!-- Generated by org.testng.reporters.JUnitReportReporter -->
<testsuite hostname="HW0980" name="com.Hitpa_Portals.testScripts.Hitpa_4912Test" tests="1" failures="0" timestamp="24 Oct 2016 04:06:47 GMT" time="28.771" errors="0">
  <testcase name="f" time="28.771" classname="com.Hitpa_Portals.testScripts.Hitpa_4912Test"/>
</testsuite> <!-- com.Hitpa_Portals.testScripts.Hitpa_4912Test -->
