<?xml version="1.0" encoding="UTF-8"?>
<!-- Generated by org.testng.reporters.JUnitReportReporter -->
<testsuite hostname="HW0980" name="com.Hitpa_Letters_n_Reports.TestScripts.HITPA_9463_Test" tests="1" failures="0" timestamp="19 Oct 2016 13:07:10 GMT" time="20.769" errors="0">
  <testcase name="f" time="20.769" classname="com.Hitpa_Letters_n_Reports.TestScripts.HITPA_9463_Test"/>
</testsuite> <!-- com.Hitpa_Letters_n_Reports.TestScripts.HITPA_9463_Test -->
