<?xml version="1.0" encoding="UTF-8"?>
<!-- Generated by org.testng.reporters.JUnitReportReporter -->
<testsuite hostname="HW0980" name="com.Hitpa_Portals.testScripts.Hitpa_4859Test" tests="1" failures="0" timestamp="24 Oct 2016 04:06:47 GMT" time="29.254" errors="0">
  <testcase name="f" time="29.254" classname="com.Hitpa_Portals.testScripts.Hitpa_4859Test"/>
</testsuite> <!-- com.Hitpa_Portals.testScripts.Hitpa_4859Test -->
