<?xml version="1.0" encoding="UTF-8"?>
<!-- Generated by org.testng.reporters.JUnitReportReporter -->
<testsuite hostname="HW1735" name="com.testScripts.Gmail_Script" tests="1" failures="0" timestamp="26 Aug 2016 09:53:00 GMT" time="46.365" errors="0">
  <testcase name="f" time="46.365" classname="com.testScripts.Gmail_Script"/>
</testsuite> <!-- com.testScripts.Gmail_Script -->
