<?xml version="1.0" encoding="UTF-8"?>
<!-- Generated by org.testng.reporters.JUnitReportReporter -->
<testsuite hostname="KIHYDD1131" name="testScripts.SA_Scenario2" tests="1" failures="0" timestamp="14 Jul 2016 13:08:09 GMT" time="471.539" errors="1">
  <testcase name="testcase01" time="471.539" classname="testScripts.SA_Scenario2">
    <error type="baseClasses.AutomationException">
      <![CDATA[baseClasses.AutomationException
	at baseClasses.BaseClass.set(BaseClass.java:129)
	at components.SAWebFormFMCGVariantPage_Methods.persuasionFMCGVariantEdit(SAWebFormFMCGVariantPage_Methods.java:46)
	at testScripts.SA_Scenario2.webformFMCGVariantEdit(SA_Scenario2.java:162)
	at testScripts.SA_Scenario2.testcase01(SA_Scenario2.java:226)
	at sun.reflect.NativeMethodAccessorImpl.invoke0(Native Method)
	at sun.reflect.NativeMethodAccessorImpl.invoke(Unknown Source)
	at sun.reflect.DelegatingMethodAccessorImpl.invoke(Unknown Source)
	at java.lang.reflect.Method.invoke(Unknown Source)
	at org.testng.internal.MethodInvocationHelper.invokeMethod(MethodInvocationHelper.java:85)
	at org.testng.internal.Invoker.invokeMethod(Invoker.java:639)
	at org.testng.internal.Invoker.invokeTestMethod(Invoker.java:816)
	at org.testng.internal.Invoker.invokeTestMethods(Invoker.java:1124)
	at org.testng.internal.TestMethodWorker.invokeTestMethods(TestMethodWorker.java:125)
	at org.testng.internal.TestMethodWorker.run(TestMethodWorker.java:108)
	at org.testng.TestRunner.privateRun(TestRunner.java:774)
	at org.testng.TestRunner.run(TestRunner.java:624)
	at org.testng.SuiteRunner.runTest(SuiteRunner.java:359)
	at org.testng.SuiteRunner.access$000(SuiteRunner.java:39)
	at org.testng.SuiteRunner$SuiteWorker.run(SuiteRunner.java:393)
	at org.testng.internal.thread.ThreadUtil$2.call(ThreadUtil.java:64)
	at java.util.concurrent.FutureTask.run(Unknown Source)
	at java.util.concurrent.ThreadPoolExecutor.runWorker(Unknown Source)
	at java.util.concurrent.ThreadPoolExecutor$Worker.run(Unknown Source)
	at java.lang.Thread.run(Unknown Source)
]]>
    </error>
  </testcase> <!-- testcase01 -->
</testsuite> <!-- testScripts.SA_Scenario2 -->
