<?xml version="1.0" encoding="UTF-8"?>
<!-- Generated by org.testng.reporters.JUnitReportReporter -->
<testsuite hostname="KIHYDD1131" name="testScripts.SA_Scenario5_DR12" tests="1" failures="0" timestamp="5 Aug 2016 10:12:32 GMT" time="537.202" errors="0">
  <testcase name="testcase01" time="537.202" classname="testScripts.SA_Scenario5_DR12"/>
</testsuite> <!-- testScripts.SA_Scenario5_DR12 -->
