<?xml version="1.0" encoding="UTF-8"?>
<!-- Generated by org.testng.reporters.JUnitReportReporter -->
<testsuite hostname="HW0980" name="com.Hitpa_DMS.testScripts.Hitpa_1236_DmsLoginTest" tests="1" failures="0" timestamp="24 Oct 2016 09:31:17 GMT" time="87.689" errors="0">
  <testcase name="f" time="87.689" classname="com.Hitpa_DMS.testScripts.Hitpa_1236_DmsLoginTest"/>
</testsuite> <!-- com.Hitpa_DMS.testScripts.Hitpa_1236_DmsLoginTest -->
