<?xml version="1.0" encoding="UTF-8"?>
<!-- Generated by org.testng.reporters.JUnitReportReporter -->
<testsuite hostname="KIHYDL0640" name="testScripts.SA_Scenario23_DR30" tests="1" failures="0" timestamp="8 Aug 2016 07:20:42 GMT" time="1089.218" errors="0">
  <testcase name="testcase01" time="1089.218" classname="testScripts.SA_Scenario23_DR30"/>
</testsuite> <!-- testScripts.SA_Scenario23_DR30 -->
