<?xml version="1.0" encoding="UTF-8"?>
<!-- Generated by org.testng.reporters.JUnitReportReporter -->
<testsuite hostname="KIHYDD1131" name="testScripts.SA_Scenario12_DR19" tests="1" failures="0" timestamp="4 Aug 2016 23:05:19 GMT" time="829.325" errors="0">
  <testcase name="testcase01" time="829.325" classname="testScripts.SA_Scenario12_DR19"/>
</testsuite> <!-- testScripts.SA_Scenario12_DR19 -->
