<?xml version="1.0" encoding="UTF-8"?>
<!-- Generated by org.testng.reporters.JUnitReportReporter -->
<testsuite hostname="KIHYDD1131" name="testScripts.Testing_Sample" tests="1" failures="0" timestamp="4 Aug 2016 08:10:54 GMT" time="25.998" errors="0">
  <testcase name="testUntitled" time="25.998" classname="testScripts.Testing_Sample"/>
</testsuite> <!-- testScripts.Testing_Sample -->
