<?xml version="1.0" encoding="UTF-8"?>
<!-- Generated by org.testng.reporters.JUnitReportReporter -->
<testsuite hostname="HW1735" name="com.testScripts.DNB_Scenario1" tests="1" failures="0" timestamp="30 Aug 2016 06:19:33 GMT" time="203.369" errors="0">
  <testcase name="f" time="203.369" classname="com.testScripts.DNB_Scenario1"/>
</testsuite> <!-- com.testScripts.DNB_Scenario1 -->
