<?xml version="1.0" encoding="UTF-8"?>
<!-- Generated by org.testng.reporters.JUnitReportReporter -->
<testsuite hostname="KIHYDL0640" name="testScripts.SA_Scenario15" tests="1" failures="0" timestamp="18 Jul 2016 10:34:47 GMT" time="580.555" errors="0">
  <testcase name="testcase01" time="580.555" classname="testScripts.SA_Scenario15"/>
</testsuite> <!-- testScripts.SA_Scenario15 -->
