<?xml version="1.0" encoding="UTF-8"?>
<!-- Generated by org.testng.reporters.JUnitReportReporter -->
<testsuite hostname="HW1735" name="com.testScripts.DNB_Scenario3_Con_Negative" tests="1" failures="0" timestamp="6 Sep 2016 06:17:03 GMT" time="127.085" errors="0">
  <testcase name="f" time="127.085" classname="com.testScripts.DNB_Scenario3_Con_Negative"/>
</testsuite> <!-- com.testScripts.DNB_Scenario3_Con_Negative -->
