<?xml version="1.0" encoding="UTF-8"?>
<!-- Generated by org.testng.reporters.JUnitReportReporter -->
<testsuite skipped="0" hostname="DESKTOP-2D2NBNQ" name="TestNG.TestNG1" tests="4" failures="0" timestamp="05 Jan 2019 07:01:48 GMT" time="0.015" errors="0">
  <testcase name="test4" time="0.015" classname="TestNG.TestNG1"/>
  <testcase name="test5" time="0.000" classname="TestNG.TestNG1"/>
  <testcase name="test6" time="0.000" classname="TestNG.TestNG1"/>
  <testcase name="test7" time="0.000" classname="TestNG.TestNG1"/>
</testsuite> <!-- TestNG.TestNG1 -->
