<?xml version="1.0" encoding="UTF-8"?>
<!-- Generated by org.testng.reporters.JUnitReportReporter -->
<testsuite skipped="0" hostname="HOME-PC" name="TestNG.TestNG1" tests="4" failures="0" timestamp="06 Oct 2017 17:36:45 GMT" time="0.016" errors="0">
  <testcase name="test7" time="0.004" classname="TestNG.TestNG1"/>
  <testcase name="test4" time="0.005" classname="TestNG.TestNG1"/>
  <testcase name="test6" time="0.002" classname="TestNG.TestNG1"/>
  <testcase name="test5" time="0.005" classname="TestNG.TestNG1"/>
</testsuite> <!-- TestNG.TestNG1 -->
