<?xml version="1.0" encoding="UTF-8"?>
<!-- Generated by org.testng.reporters.JUnitReportReporter -->
<testsuite skipped="0" hostname="HOME-PC" name="com.fb.BaseClass.BaseClass" tests="1" failures="0" timestamp="12 Oct 2017 21:23:54 GMT" time="0.016" errors="0">
  <testcase name="click" time="0.016" classname="com.fb.BaseClass.BaseClass"/>
</testsuite> <!-- com.fb.BaseClass.BaseClass -->
